<?xml version="1.0" encoding="UTF-8"?>
<coverage generated="1626169859526" clover="3.2.0">
  <project timestamp="1626169859526" name="All files">
    <metrics statements="7" coveredstatements="7" conditionals="0" coveredconditionals="0" methods="2" coveredmethods="2" elements="9" coveredelements="9" complexity="0" loc="7" ncloc="7" packages="1" files="1" classes="1"/>
    <file name="ToDoList.vue" path="C:\Users\LICH\Desktop\Vue\workshop02-unit-testing-e2e-testing\01-unit-testing-with-jest\unit-testing-with-jest\src\components\ToDoList.vue">
      <metrics statements="7" coveredstatements="7" conditionals="0" coveredconditionals="0" methods="2" coveredmethods="2"/>
      <line num="22" count="1" type="stmt"/>
      <line num="28" count="1" type="stmt"/>
      <line num="31" count="3" type="stmt"/>
      <line num="32" count="3" type="stmt"/>
      <line num="46" count="3" type="stmt"/>
      <line num="47" count="1" type="stmt"/>
      <line num="53" count="3" type="stmt"/>
    </file>
  </project>
</coverage>
