<?xml version="1.0" encoding="UTF-8"?>
<coverage generated="1625849929618" clover="3.2.0">
  <project timestamp="1625849929618" name="All files">
    <metrics statements="18" coveredstatements="15" conditionals="2" coveredconditionals="2" methods="8" coveredmethods="7" elements="28" coveredelements="24" complexity="0" loc="18" ncloc="18" packages="3" files="3" classes="3"/>
    <package name="mock">
      <metrics statements="6" coveredstatements="6" conditionals="2" coveredconditionals="2" methods="4" coveredmethods="4"/>
      <file name="server.js" path="C:\Users\LICH\Desktop\Vue\workshop02-unit-testing-e2e-testing\01-unit-testing-with-jest\unit-testing-with-jest\mock\server.js">
        <metrics statements="6" coveredstatements="6" conditionals="2" coveredconditionals="2" methods="4" coveredmethods="4"/>
        <line num="7" count="1" type="stmt"/>
        <line num="12" count="1" type="stmt"/>
        <line num="19" count="1" type="stmt"/>
        <line num="21" count="1" type="stmt"/>
        <line num="23" count="1" type="stmt"/>
        <line num="27" count="1" type="stmt"/>
      </file>
    </package>
    <package name="src.components">
      <metrics statements="10" coveredstatements="8" conditionals="0" coveredconditionals="0" methods="2" coveredmethods="2"/>
      <file name="MessageDisplay.vue" path="C:\Users\LICH\Desktop\Vue\workshop02-unit-testing-e2e-testing\01-unit-testing-with-jest\unit-testing-with-jest\src\components\MessageDisplay.vue">
        <metrics statements="10" coveredstatements="8" conditionals="0" coveredconditionals="0" methods="2" coveredmethods="2"/>
        <line num="11" count="1" type="stmt"/>
        <line num="12" count="1" type="stmt"/>
        <line num="14" count="1" type="stmt"/>
        <line num="17" count="1" type="stmt"/>
        <line num="22" count="1" type="stmt"/>
        <line num="23" count="1" type="stmt"/>
        <line num="24" count="1" type="stmt"/>
        <line num="25" count="0" type="stmt"/>
        <line num="27" count="0" type="stmt"/>
        <line num="31" count="1" type="stmt"/>
      </file>
    </package>
    <package name="src.services">
      <metrics statements="2" coveredstatements="1" conditionals="0" coveredconditionals="0" methods="2" coveredmethods="1"/>
      <file name="index.js" path="C:\Users\LICH\Desktop\Vue\workshop02-unit-testing-e2e-testing\01-unit-testing-with-jest\unit-testing-with-jest\src\services\index.js">
        <metrics statements="2" coveredstatements="1" conditionals="0" coveredconditionals="0" methods="2" coveredmethods="1"/>
        <line num="4" count="1" type="stmt"/>
        <line num="5" count="0" type="stmt"/>
      </file>
    </package>
  </project>
</coverage>
