{"C:\\Users\\LICH\\Desktop\\Vue\\workshop02-unit-testing-e2e-testing\\01-unit-testing-with-jest\\unit-testing-with-jest\\src\\components\\ToDoList.vue": {"path":"C:\\Users\\LICH\\Desktop\\Vue\\workshop02-unit-testing-e2e-testing\\01-unit-testing-with-jest\\unit-testing-with-jest\\src\\components\\ToDoList.vue","statementMap":{"0":{"start":{"line":22,"column":0},"end":{"line":22,"column":null}},"1":{"start":{"line":28,"column":15},"end":{"line":28,"column":null}},"2":{"start":{"line":31,"column":24},"end":{"line":31,"column":28}},"3":{"start":{"line":32,"column":17},"end":{"line":32,"column":26}},"4":{"start":{"line":46,"column":20},"end":{"line":52,"column":null}},"5":{"start":{"line":47,"column":6},"end":{"line":47,"column":10}},"6":{"start":{"line":53,"column":4},"end":{"line":53,"column":11}}},"fnMap":{"0":{"name":"(anonymous_0)","decl":{"start":{"line":30,"column":2},"end":{"line":30,"column":7}},"loc":{"start":{"line":30,"column":10},"end":{"line":58,"column":null}}},"1":{"name":"(anonymous_1)","decl":{"start":{"line":46,"column":20},"end":{"line":46,"column":26}},"loc":{"start":{"line":46,"column":26},"end":{"line":52,"column":null}}}},"branchMap":{},"s":{"0":1,"1":1,"2":3,"3":3,"4":3,"5":1,"6":3},"f":{"0":3,"1":1},"b":{}}
}
