{"C:\\Users\\LICH\\Desktop\\Vue\\workshop02-unit-testing-e2e-testing\\01-unit-testing-with-jest\\unit-testing-with-jest\\mock\\server.js": {"path":"C:\\Users\\LICH\\Desktop\\Vue\\workshop02-unit-testing-e2e-testing\\01-unit-testing-with-jest\\unit-testing-with-jest\\mock\\server.js","statementMap":{"0":{"start":{"line":7,"column":15},"end":{"line":25,"column":4}},"1":{"start":{"line":12,"column":6},"end":{"line":14,"column":9}},"2":{"start":{"line":19,"column":6},"end":{"line":19,"column":46}},"3":{"start":{"line":21,"column":6},"end":{"line":21,"column":24}},"4":{"start":{"line":23,"column":6},"end":{"line":23,"column":57}},"5":{"start":{"line":23,"column":39},"end":{"line":23,"column":56}},"6":{"start":{"line":27,"column":2},"end":{"line":27,"column":15}}},"fnMap":{"0":{"name":"makeServer","decl":{"start":{"line":5,"column":16},"end":{"line":5,"column":26}},"loc":{"start":{"line":5,"column":65},"end":{"line":29,"column":1}},"line":5},"1":{"name":"(anonymous_1)","decl":{"start":{"line":10,"column":4},"end":{"line":10,"column":5}},"loc":{"start":{"line":10,"column":18},"end":{"line":16,"column":5}},"line":10},"2":{"name":"(anonymous_2)","decl":{"start":{"line":18,"column":4},"end":{"line":18,"column":5}},"loc":{"start":{"line":18,"column":13},"end":{"line":24,"column":5}},"line":18},"3":{"name":"(anonymous_3)","decl":{"start":{"line":23,"column":27},"end":{"line":23,"column":28}},"loc":{"start":{"line":23,"column":39},"end":{"line":23,"column":56}},"line":23}},"branchMap":{"0":{"loc":{"start":{"line":5,"column":27},"end":{"line":5,"column":63}},"type":"default-arg","locations":[{"start":{"line":5,"column":61},"end":{"line":5,"column":63}}],"line":5},"1":{"loc":{"start":{"line":5,"column":29},"end":{"line":5,"column":56}},"type":"default-arg","locations":[{"start":{"line":5,"column":43},"end":{"line":5,"column":56}}],"line":5}},"s":{"0":1,"1":1,"2":1,"3":1,"4":1,"5":1,"6":1},"f":{"0":1,"1":1,"2":1,"3":1},"b":{"0":[1],"1":[1]},"_coverageSchema":"43e27e138ebf9cfc5966b082cf9a028302ed4184","hash":"823a6bed4ad03f21470c1789fa580449a7835000"}
,"C:\\Users\\LICH\\Desktop\\Vue\\workshop02-unit-testing-e2e-testing\\01-unit-testing-with-jest\\unit-testing-with-jest\\src\\components\\MessageDisplay.vue": {"path":"C:\\Users\\LICH\\Desktop\\Vue\\workshop02-unit-testing-e2e-testing\\01-unit-testing-with-jest\\unit-testing-with-jest\\src\\components\\MessageDisplay.vue","statementMap":{"0":{"start":{"line":11,"column":0},"end":{"line":11,"column":null}},"1":{"start":{"line":12,"column":0},"end":{"line":12,"column":null}},"2":{"start":{"line":14,"column":15},"end":{"line":14,"column":null}},"3":{"start":{"line":17,"column":28},"end":{"line":17,"column":37}},"4":{"start":{"line":22,"column":4},"end":{"line":22,"column":14}},"5":{"start":{"line":23,"column":6},"end":{"line":28,"column":null}},"6":{"start":{"line":24,"column":20},"end":{"line":24,"column":null}},"7":{"start":{"line":25,"column":8},"end":{"line":25,"column":23}},"8":{"start":{"line":27,"column":8},"end":{"line":27,"column":23}},"9":{"start":{"line":31,"column":4},"end":{"line":31,"column":11}}},"fnMap":{"0":{"name":"(anonymous_0)","decl":{"start":{"line":16,"column":2},"end":{"line":16,"column":7}},"loc":{"start":{"line":16,"column":10},"end":{"line":34,"column":null}}},"1":{"name":"(anonymous_1)","decl":{"start":{"line":22,"column":14},"end":{"line":22,"column":26}},"loc":{"start":{"line":22,"column":26},"end":{"line":29,"column":null}}}},"branchMap":{},"s":{"0":1,"1":1,"2":1,"3":1,"4":1,"5":1,"6":1,"7":0,"8":0,"9":1},"f":{"0":1,"1":1},"b":{}}
,"C:\\Users\\LICH\\Desktop\\Vue\\workshop02-unit-testing-e2e-testing\\01-unit-testing-with-jest\\unit-testing-with-jest\\src\\services\\index.js": {"path":"C:\\Users\\LICH\\Desktop\\Vue\\workshop02-unit-testing-e2e-testing\\01-unit-testing-with-jest\\unit-testing-with-jest\\src\\services\\index.js","statementMap":{"0":{"start":{"line":4,"column":2},"end":{"line":6,"column":4}},"1":{"start":{"line":5,"column":4},"end":{"line":5,"column":14}}},"fnMap":{"0":{"name":"getMessage","decl":{"start":{"line":3,"column":16},"end":{"line":3,"column":26}},"loc":{"start":{"line":3,"column":29},"end":{"line":7,"column":1}},"line":3},"1":{"name":"(anonymous_1)","decl":{"start":{"line":4,"column":57},"end":{"line":4,"column":58}},"loc":{"start":{"line":4,"column":66},"end":{"line":6,"column":3}},"line":4}},"branchMap":{},"s":{"0":1,"1":0},"f":{"0":1,"1":0},"b":{},"_coverageSchema":"43e27e138ebf9cfc5966b082cf9a028302ed4184","hash":"7db2cfa1d37a76d55953414a6ddecfcf2bd02d0a"}
}
