TN:
SF:C:\Users\LICH\Desktop\Vue\workshop02-unit-testing-e2e-testing\01-unit-testing-with-jest\unit-testing-with-jest\mock\server.js
FN:5,makeServer
FN:10,(anonymous_1)
FN:18,(anonymous_2)
FN:23,(anonymous_3)
FNF:4
FNH:4
FNDA:1,makeServer
FNDA:1,(anonymous_1)
FNDA:1,(anonymous_2)
FNDA:1,(anonymous_3)
DA:7,1
DA:12,1
DA:19,1
DA:21,1
DA:23,1
DA:27,1
LF:6
LH:6
BRDA:5,0,0,1
BRDA:5,1,0,1
BRF:2
BRH:2
end_of_record
TN:
SF:C:\Users\LICH\Desktop\Vue\workshop02-unit-testing-e2e-testing\01-unit-testing-with-jest\unit-testing-with-jest\src\components\MessageDisplay.vue
FN:16,(anonymous_0)
FN:22,(anonymous_1)
FNF:2
FNH:2
FNDA:1,(anonymous_0)
FNDA:1,(anonymous_1)
DA:11,1
DA:12,1
DA:14,1
DA:17,1
DA:22,1
DA:23,1
DA:24,1
DA:25,0
DA:27,0
DA:31,1
LF:10
LH:8
BRF:0
BRH:0
end_of_record
TN:
SF:C:\Users\LICH\Desktop\Vue\workshop02-unit-testing-e2e-testing\01-unit-testing-with-jest\unit-testing-with-jest\src\services\index.js
FN:3,getMessage
FN:4,(anonymous_1)
FNF:2
FNH:1
FNDA:1,getMessage
FNDA:0,(anonymous_1)
DA:4,1
DA:5,0
LF:2
LH:1
BRF:0
BRH:0
end_of_record
